<?xml version="1.0" encoding="UTF-8"?>
<testsuite xmlns:xsi="http://www.w3.org/2001/XMLSchema-instance" xsi:noNamespaceSchemaLocation="https://maven.apache.org/surefire/maven-surefire-plugin/xsd/surefire-test-report.xsd" version="3.0.2" name="com.mfon.rmhi.RmhiApplicationTests" time="2.167" tests="1" errors="0" skipped="0" failures="0">
  <properties>
    <property name="java.specification.version" value="21"/>
    <property name="sun.jnu.encoding" value="UTF-8"/>
    <property name="java.class.path" value="/Users/mfonudoh/Desktop/Programs/eureka/backend/target/test-classes:/Users/mfonudoh/Desktop/Programs/eureka/backend/target/classes:/Users/mfonudoh/.m2/repository/org/springframework/boot/spring-boot-starter-data-jdbc/3.5.3/spring-boot-starter-data-jdbc-3.5.3.jar:/Users/mfonudoh/.m2/repository/org/springframework/boot/spring-boot-starter-jdbc/3.5.3/spring-boot-starter-jdbc-3.5.3.jar:/Users/mfonudoh/.m2/repository/com/zaxxer/HikariCP/6.3.0/HikariCP-6.3.0.jar:/Users/mfonudoh/.m2/repository/org/springframework/spring-jdbc/6.2.8/spring-jdbc-6.2.8.jar:/Users/mfonudoh/.m2/repository/org/springframework/data/spring-data-jdbc/3.5.1/spring-data-jdbc-3.5.1.jar:/Users/mfonudoh/.m2/repository/org/springframework/data/spring-data-relational/3.5.1/spring-data-relational-3.5.1.jar:/Users/mfonudoh/.m2/repository/org/springframework/data/spring-data-commons/3.5.1/spring-data-commons-3.5.1.jar:/Users/mfonudoh/.m2/repository/org/springframework/spring-tx/6.2.8/spring-tx-6.2.8.jar:/Users/mfonudoh/.m2/repository/org/springframework/spring-context/6.2.8/spring-context-6.2.8.jar:/Users/mfonudoh/.m2/repository/org/springframework/spring-beans/6.2.8/spring-beans-6.2.8.jar:/Users/mfonudoh/.m2/repository/org/springframework/boot/spring-boot-starter-data-jpa/3.5.3/spring-boot-starter-data-jpa-3.5.3.jar:/Users/mfonudoh/.m2/repository/org/springframework/boot/spring-boot-starter/3.5.3/spring-boot-starter-3.5.3.jar:/Users/mfonudoh/.m2/repository/org/springframework/boot/spring-boot-starter-logging/3.5.3/spring-boot-starter-logging-3.5.3.jar:/Users/mfonudoh/.m2/repository/ch/qos/logback/logback-classic/1.5.18/logback-classic-1.5.18.jar:/Users/mfonudoh/.m2/repository/ch/qos/logback/logback-core/1.5.18/logback-core-1.5.18.jar:/Users/mfonudoh/.m2/repository/org/apache/logging/log4j/log4j-to-slf4j/2.24.3/log4j-to-slf4j-2.24.3.jar:/Users/mfonudoh/.m2/repository/org/apache/logging/log4j/log4j-api/2.24.3/log4j-api-2.24.3.jar:/Users/mfonudoh/.m2/repository/org/slf4j/jul-to-slf4j/2.0.17/jul-to-slf4j-2.0.17.jar:/Users/mfonudoh/.m2/repository/jakarta/annotation/jakarta.annotation-api/2.1.1/jakarta.annotation-api-2.1.1.jar:/Users/mfonudoh/.m2/repository/org/yaml/snakeyaml/2.4/snakeyaml-2.4.jar:/Users/mfonudoh/.m2/repository/org/hibernate/orm/hibernate-core/6.6.18.Final/hibernate-core-6.6.18.Final.jar:/Users/mfonudoh/.m2/repository/jakarta/persistence/jakarta.persistence-api/3.1.0/jakarta.persistence-api-3.1.0.jar:/Users/mfonudoh/.m2/repository/jakarta/transaction/jakarta.transaction-api/2.0.1/jakarta.transaction-api-2.0.1.jar:/Users/mfonudoh/.m2/repository/org/jboss/logging/jboss-logging/3.6.1.Final/jboss-logging-3.6.1.Final.jar:/Users/mfonudoh/.m2/repository/org/hibernate/common/hibernate-commons-annotations/7.0.3.Final/hibernate-commons-annotations-7.0.3.Final.jar:/Users/mfonudoh/.m2/repository/io/smallrye/jandex/3.2.0/jandex-3.2.0.jar:/Users/mfonudoh/.m2/repository/com/fasterxml/classmate/1.7.0/classmate-1.7.0.jar:/Users/mfonudoh/.m2/repository/net/bytebuddy/byte-buddy/1.17.6/byte-buddy-1.17.6.jar:/Users/mfonudoh/.m2/repository/org/glassfish/jaxb/jaxb-runtime/4.0.5/jaxb-runtime-4.0.5.jar:/Users/mfonudoh/.m2/repository/org/glassfish/jaxb/jaxb-core/4.0.5/jaxb-core-4.0.5.jar:/Users/mfonudoh/.m2/repository/org/eclipse/angus/angus-activation/2.0.2/angus-activation-2.0.2.jar:/Users/mfonudoh/.m2/repository/org/glassfish/jaxb/txw2/4.0.5/txw2-4.0.5.jar:/Users/mfonudoh/.m2/repository/com/sun/istack/istack-commons-runtime/4.1.2/istack-commons-runtime-4.1.2.jar:/Users/mfonudoh/.m2/repository/jakarta/inject/jakarta.inject-api/2.0.1/jakarta.inject-api-2.0.1.jar:/Users/mfonudoh/.m2/repository/org/antlr/antlr4-runtime/4.13.0/antlr4-runtime-4.13.0.jar:/Users/mfonudoh/.m2/repository/org/springframework/data/spring-data-jpa/3.5.1/spring-data-jpa-3.5.1.jar:/Users/mfonudoh/.m2/repository/org/springframework/spring-orm/6.2.8/spring-orm-6.2.8.jar:/Users/mfonudoh/.m2/repository/org/springframework/spring-aspects/6.2.8/spring-aspects-6.2.8.jar:/Users/mfonudoh/.m2/repository/org/aspectj/aspectjweaver/1.9.24/aspectjweaver-1.9.24.jar:/Users/mfonudoh/.m2/repository/org/springframework/boot/spring-boot-starter-oauth2-resource-server/3.5.3/spring-boot-starter-oauth2-resource-server-3.5.3.jar:/Users/mfonudoh/.m2/repository/org/springframework/security/spring-security-config/6.5.1/spring-security-config-6.5.1.jar:/Users/mfonudoh/.m2/repository/org/springframework/security/spring-security-core/6.5.1/spring-security-core-6.5.1.jar:/Users/mfonudoh/.m2/repository/org/springframework/security/spring-security-crypto/6.5.1/spring-security-crypto-6.5.1.jar:/Users/mfonudoh/.m2/repository/org/springframework/spring-expression/6.2.8/spring-expression-6.2.8.jar:/Users/mfonudoh/.m2/repository/io/micrometer/micrometer-observation/1.15.1/micrometer-observation-1.15.1.jar:/Users/mfonudoh/.m2/repository/io/micrometer/micrometer-commons/1.15.1/micrometer-commons-1.15.1.jar:/Users/mfonudoh/.m2/repository/org/springframework/security/spring-security-oauth2-resource-server/6.5.1/spring-security-oauth2-resource-server-6.5.1.jar:/Users/mfonudoh/.m2/repository/org/springframework/security/spring-security-oauth2-core/6.5.1/spring-security-oauth2-core-6.5.1.jar:/Users/mfonudoh/.m2/repository/org/springframework/security/spring-security-oauth2-jose/6.5.1/spring-security-oauth2-jose-6.5.1.jar:/Users/mfonudoh/.m2/repository/com/nimbusds/nimbus-jose-jwt/9.37.3/nimbus-jose-jwt-9.37.3.jar:/Users/mfonudoh/.m2/repository/com/github/stephenc/jcip/jcip-annotations/1.0-1/jcip-annotations-1.0-1.jar:/Users/mfonudoh/.m2/repository/com/google/firebase/firebase-admin/9.5.0/firebase-admin-9.5.0.jar:/Users/mfonudoh/.m2/repository/com/google/auth/google-auth-library-oauth2-http/1.33.1/google-auth-library-oauth2-http-1.33.1.jar:/Users/mfonudoh/.m2/repository/com/google/auto/value/auto-value-annotations/1.11.0/auto-value-annotations-1.11.0.jar:/Users/mfonudoh/.m2/repository/com/google/code/findbugs/jsr305/3.0.2/jsr305-3.0.2.jar:/Users/mfonudoh/.m2/repository/com/google/auth/google-auth-library-credentials/1.33.1/google-auth-library-credentials-1.33.1.jar:/Users/mfonudoh/.m2/repository/com/google/http-client/google-http-client-gson/1.46.2/google-http-client-gson-1.46.2.jar:/Users/mfonudoh/.m2/repository/com/google/errorprone/error_prone_annotations/2.36.0/error_prone_annotations-2.36.0.jar:/Users/mfonudoh/.m2/repository/com/google/code/gson/gson/2.13.1/gson-2.13.1.jar:/Users/mfonudoh/.m2/repository/com/google/api-client/google-api-client/2.7.2/google-api-client-2.7.2.jar:/Users/mfonudoh/.m2/repository/commons-codec/commons-codec/1.18.0/commons-codec-1.18.0.jar:/Users/mfonudoh/.m2/repository/com/google/oauth-client/google-oauth-client/1.36.0/google-oauth-client-1.36.0.jar:/Users/mfonudoh/.m2/repository/com/google/http-client/google-http-client-apache-v2/1.45.2/google-http-client-apache-v2-1.45.2.jar:/Users/mfonudoh/.m2/repository/org/apache/httpcomponents/httpcore/4.4.16/httpcore-4.4.16.jar:/Users/mfonudoh/.m2/repository/org/apache/httpcomponents/httpclient/4.5.14/httpclient-4.5.14.jar:/Users/mfonudoh/.m2/repository/commons-logging/commons-logging/1.2/commons-logging-1.2.jar:/Users/mfonudoh/.m2/repository/com/google/api-client/google-api-client-gson/2.7.2/google-api-client-gson-2.7.2.jar:/Users/mfonudoh/.m2/repository/com/google/http-client/google-http-client/1.46.3/google-http-client-1.46.3.jar:/Users/mfonudoh/.m2/repository/com/google/j2objc/j2objc-annotations/3.0.0/j2objc-annotations-3.0.0.jar:/Users/mfonudoh/.m2/repository/io/grpc/grpc-context/1.70.0/grpc-context-1.70.0.jar:/Users/mfonudoh/.m2/repository/io/opencensus/opencensus-api/0.31.1/opencensus-api-0.31.1.jar:/Users/mfonudoh/.m2/repository/io/opencensus/opencensus-contrib-http-util/0.31.1/opencensus-contrib-http-util-0.31.1.jar:/Users/mfonudoh/.m2/repository/com/google/api/api-common/2.46.1/api-common-2.46.1.jar:/Users/mfonudoh/.m2/repository/javax/annotation/javax.annotation-api/1.3.2/javax.annotation-api-1.3.2.jar:/Users/mfonudoh/.m2/repository/com/google/cloud/google-cloud-storage/2.50.0/google-cloud-storage-2.50.0.jar:/Users/mfonudoh/.m2/repository/com/google/guava/failureaccess/1.0.2/failureaccess-1.0.2.jar:/Users/mfonudoh/.m2/repository/com/google/guava/listenablefuture/9999.0-empty-to-avoid-conflict-with-guava/listenablefuture-9999.0-empty-to-avoid-conflict-with-guava.jar:/Users/mfonudoh/.m2/repository/com/google/http-client/google-http-client-jackson2/1.46.3/google-http-client-jackson2-1.46.3.jar:/Users/mfonudoh/.m2/repository/com/google/apis/google-api-services-storage/v1-rev20250224-2.0.0/google-api-services-storage-v1-rev20250224-2.0.0.jar:/Users/mfonudoh/.m2/repository/com/google/cloud/google-cloud-core/2.53.1/google-cloud-core-2.53.1.jar:/Users/mfonudoh/.m2/repository/com/google/cloud/google-cloud-core-http/2.53.1/google-cloud-core-http-2.53.1.jar:/Users/mfonudoh/.m2/repository/com/google/http-client/google-http-client-appengine/1.46.3/google-http-client-appengine-1.46.3.jar:/Users/mfonudoh/.m2/repository/com/google/api/gax-httpjson/2.63.1/gax-httpjson-2.63.1.jar:/Users/mfonudoh/.m2/repository/com/google/cloud/google-cloud-core-grpc/2.53.1/google-cloud-core-grpc-2.53.1.jar:/Users/mfonudoh/.m2/repository/com/google/api/gax/2.63.1/gax-2.63.1.jar:/Users/mfonudoh/.m2/repository/com/google/api/gax-grpc/2.63.1/gax-grpc-2.63.1.jar:/Users/mfonudoh/.m2/repository/io/grpc/grpc-inprocess/1.70.0/grpc-inprocess-1.70.0.jar:/Users/mfonudoh/.m2/repository/io/grpc/grpc-alts/1.70.0/grpc-alts-1.70.0.jar:/Users/mfonudoh/.m2/repository/io/grpc/grpc-grpclb/1.70.0/grpc-grpclb-1.70.0.jar:/Users/mfonudoh/.m2/repository/org/conscrypt/conscrypt-openjdk-uber/2.5.2/conscrypt-openjdk-uber-2.5.2.jar:/Users/mfonudoh/.m2/repository/io/grpc/grpc-auth/1.70.0/grpc-auth-1.70.0.jar:/Users/mfonudoh/.m2/repository/io/opentelemetry/opentelemetry-context/1.49.0/opentelemetry-context-1.49.0.jar:/Users/mfonudoh/.m2/repository/com/google/api/grpc/proto-google-iam-v1/1.49.1/proto-google-iam-v1-1.49.1.jar:/Users/mfonudoh/.m2/repository/com/google/protobuf/protobuf-java/3.25.5/protobuf-java-3.25.5.jar:/Users/mfonudoh/.m2/repository/com/google/protobuf/protobuf-java-util/3.25.5/protobuf-java-util-3.25.5.jar:/Users/mfonudoh/.m2/repository/io/grpc/grpc-core/1.70.0/grpc-core-1.70.0.jar:/Users/mfonudoh/.m2/repository/com/google/android/annotations/4.1.1.4/annotations-4.1.1.4.jar:/Users/mfonudoh/.m2/repository/org/codehaus/mojo/animal-sniffer-annotations/1.24/animal-sniffer-annotations-1.24.jar:/Users/mfonudoh/.m2/repository/io/perfmark/perfmark-api/0.27.0/perfmark-api-0.27.0.jar:/Users/mfonudoh/.m2/repository/io/grpc/grpc-protobuf/1.70.0/grpc-protobuf-1.70.0.jar:/Users/mfonudoh/.m2/repository/io/grpc/grpc-protobuf-lite/1.70.0/grpc-protobuf-lite-1.70.0.jar:/Users/mfonudoh/.m2/repository/com/google/api/grpc/proto-google-common-protos/2.54.1/proto-google-common-protos-2.54.1.jar:/Users/mfonudoh/.m2/repository/org/threeten/threetenbp/1.7.0/threetenbp-1.7.0.jar:/Users/mfonudoh/.m2/repository/com/google/api/grpc/proto-google-cloud-storage-v2/2.50.0/proto-google-cloud-storage-v2-2.50.0.jar:/Users/mfonudoh/.m2/repository/com/google/api/grpc/grpc-google-cloud-storage-v2/2.50.0/grpc-google-cloud-storage-v2-2.50.0.jar:/Users/mfonudoh/.m2/repository/com/google/api/grpc/gapic-google-cloud-storage-v2/2.50.0/gapic-google-cloud-storage-v2-2.50.0.jar:/Users/mfonudoh/.m2/repository/io/opentelemetry/opentelemetry-sdk/1.49.0/opentelemetry-sdk-1.49.0.jar:/Users/mfonudoh/.m2/repository/io/opentelemetry/opentelemetry-sdk-trace/1.49.0/opentelemetry-sdk-trace-1.49.0.jar:/Users/mfonudoh/.m2/repository/io/opentelemetry/opentelemetry-sdk-logs/1.49.0/opentelemetry-sdk-logs-1.49.0.jar:/Users/mfonudoh/.m2/repository/io/grpc/grpc-opentelemetry/1.70.0/grpc-opentelemetry-1.70.0.jar:/Users/mfonudoh/.m2/repository/io/opentelemetry/opentelemetry-api/1.49.0/opentelemetry-api-1.49.0.jar:/Users/mfonudoh/.m2/repository/io/opentelemetry/opentelemetry-sdk-metrics/1.49.0/opentelemetry-sdk-metrics-1.49.0.jar:/Users/mfonudoh/.m2/repository/io/opentelemetry/opentelemetry-sdk-common/1.49.0/opentelemetry-sdk-common-1.49.0.jar:/Users/mfonudoh/.m2/repository/io/opentelemetry/opentelemetry-sdk-extension-autoconfigure-spi/1.49.0/opentelemetry-sdk-extension-autoconfigure-spi-1.49.0.jar:/Users/mfonudoh/.m2/repository/io/opentelemetry/semconv/opentelemetry-semconv/1.27.0-alpha/opentelemetry-semconv-1.27.0-alpha.jar:/Users/mfonudoh/.m2/repository/com/google/cloud/opentelemetry/exporter-metrics/0.33.0/exporter-metrics-0.33.0.jar:/Users/mfonudoh/.m2/repository/com/google/cloud/google-cloud-monitoring/3.52.0/google-cloud-monitoring-3.52.0.jar:/Users/mfonudoh/.m2/repository/com/google/api/grpc/proto-google-cloud-monitoring-v3/3.52.0/proto-google-cloud-monitoring-v3-3.52.0.jar:/Users/mfonudoh/.m2/repository/com/google/cloud/opentelemetry/shared-resourcemapping/0.33.0/shared-resourcemapping-0.33.0.jar:/Users/mfonudoh/.m2/repository/io/opentelemetry/contrib/opentelemetry-gcp-resources/1.37.0-alpha/opentelemetry-gcp-resources-1.37.0-alpha.jar:/Users/mfonudoh/.m2/repository/com/google/cloud/opentelemetry/detector-resources-support/0.33.0/detector-resources-support-0.33.0.jar:/Users/mfonudoh/.m2/repository/com/fasterxml/jackson/core/jackson-core/2.19.1/jackson-core-2.19.1.jar:/Users/mfonudoh/.m2/repository/io/grpc/grpc-api/1.70.0/grpc-api-1.70.0.jar:/Users/mfonudoh/.m2/repository/io/grpc/grpc-netty-shaded/1.70.0/grpc-netty-shaded-1.70.0.jar:/Users/mfonudoh/.m2/repository/io/grpc/grpc-util/1.70.0/grpc-util-1.70.0.jar:/Users/mfonudoh/.m2/repository/io/grpc/grpc-stub/1.70.0/grpc-stub-1.70.0.jar:/Users/mfonudoh/.m2/repository/io/grpc/grpc-googleapis/1.70.0/grpc-googleapis-1.70.0.jar:/Users/mfonudoh/.m2/repository/io/grpc/grpc-xds/1.70.0/grpc-xds-1.70.0.jar:/Users/mfonudoh/.m2/repository/io/grpc/grpc-services/1.70.0/grpc-services-1.70.0.jar:/Users/mfonudoh/.m2/repository/com/google/re2j/re2j/1.7/re2j-1.7.jar:/Users/mfonudoh/.m2/repository/io/grpc/grpc-rls/1.70.0/grpc-rls-1.70.0.jar:/Users/mfonudoh/.m2/repository/com/google/cloud/google-cloud-firestore/3.30.11/google-cloud-firestore-3.30.11.jar:/Users/mfonudoh/.m2/repository/com/google/api/grpc/proto-google-cloud-firestore-v1/3.30.11/proto-google-cloud-firestore-v1-3.30.11.jar:/Users/mfonudoh/.m2/repository/com/google/cloud/proto-google-cloud-firestore-bundle-v1/3.30.11/proto-google-cloud-firestore-bundle-v1-3.30.11.jar:/Users/mfonudoh/.m2/repository/io/opentelemetry/instrumentation/opentelemetry-grpc-1.6/2.1.0-alpha/opentelemetry-grpc-1.6-2.1.0-alpha.jar:/Users/mfonudoh/.m2/repository/io/opentelemetry/instrumentation/opentelemetry-instrumentation-api/2.1.0/opentelemetry-instrumentation-api-2.1.0.jar:/Users/mfonudoh/.m2/repository/io/opentelemetry/opentelemetry-extension-incubator/1.35.0-alpha/opentelemetry-extension-incubator-1.35.0-alpha.jar:/Users/mfonudoh/.m2/repository/io/opentelemetry/instrumentation/opentelemetry-instrumentation-api-incubator/2.1.0-alpha/opentelemetry-instrumentation-api-incubator-2.1.0-alpha.jar:/Users/mfonudoh/.m2/repository/com/google/guava/guava/33.4.0-jre/guava-33.4.0-jre.jar:/Users/mfonudoh/.m2/repository/org/slf4j/slf4j-api/2.0.17/slf4j-api-2.0.17.jar:/Users/mfonudoh/.m2/repository/io/netty/netty-codec-http/4.1.122.Final/netty-codec-http-4.1.122.Final.jar:/Users/mfonudoh/.m2/repository/io/netty/netty-common/4.1.122.Final/netty-common-4.1.122.Final.jar:/Users/mfonudoh/.m2/repository/io/netty/netty-buffer/4.1.122.Final/netty-buffer-4.1.122.Final.jar:/Users/mfonudoh/.m2/repository/io/netty/netty-codec/4.1.122.Final/netty-codec-4.1.122.Final.jar:/Users/mfonudoh/.m2/repository/io/netty/netty-handler/4.1.122.Final/netty-handler-4.1.122.Final.jar:/Users/mfonudoh/.m2/repository/io/netty/netty-resolver/4.1.122.Final/netty-resolver-4.1.122.Final.jar:/Users/mfonudoh/.m2/repository/io/netty/netty-transport-native-unix-common/4.1.122.Final/netty-transport-native-unix-common-4.1.122.Final.jar:/Users/mfonudoh/.m2/repository/io/netty/netty-transport/4.1.122.Final/netty-transport-4.1.122.Final.jar:/Users/mfonudoh/.m2/repository/org/apache/httpcomponents/client5/httpclient5/5.5/httpclient5-5.5.jar:/Users/mfonudoh/.m2/repository/org/apache/httpcomponents/core5/httpcore5/5.3.4/httpcore5-5.3.4.jar:/Users/mfonudoh/.m2/repository/org/apache/httpcomponents/core5/httpcore5-h2/5.3.4/httpcore5-h2-5.3.4.jar:/Users/mfonudoh/.m2/repository/org/springframework/boot/spring-boot-starter-security/3.5.3/spring-boot-starter-security-3.5.3.jar:/Users/mfonudoh/.m2/repository/org/springframework/spring-aop/6.2.8/spring-aop-6.2.8.jar:/Users/mfonudoh/.m2/repository/org/springframework/security/spring-security-web/6.5.1/spring-security-web-6.5.1.jar:/Users/mfonudoh/.m2/repository/org/springframework/boot/spring-boot-starter-web/3.5.3/spring-boot-starter-web-3.5.3.jar:/Users/mfonudoh/.m2/repository/org/springframework/boot/spring-boot-starter-json/3.5.3/spring-boot-starter-json-3.5.3.jar:/Users/mfonudoh/.m2/repository/com/fasterxml/jackson/core/jackson-databind/2.19.1/jackson-databind-2.19.1.jar:/Users/mfonudoh/.m2/repository/com/fasterxml/jackson/core/jackson-annotations/2.19.1/jackson-annotations-2.19.1.jar:/Users/mfonudoh/.m2/repository/com/fasterxml/jackson/datatype/jackson-datatype-jdk8/2.19.1/jackson-datatype-jdk8-2.19.1.jar:/Users/mfonudoh/.m2/repository/com/fasterxml/jackson/datatype/jackson-datatype-jsr310/2.19.1/jackson-datatype-jsr310-2.19.1.jar:/Users/mfonudoh/.m2/repository/com/fasterxml/jackson/module/jackson-module-parameter-names/2.19.1/jackson-module-parameter-names-2.19.1.jar:/Users/mfonudoh/.m2/repository/org/springframework/boot/spring-boot-starter-tomcat/3.5.3/spring-boot-starter-tomcat-3.5.3.jar:/Users/mfonudoh/.m2/repository/org/apache/tomcat/embed/tomcat-embed-core/10.1.42/tomcat-embed-core-10.1.42.jar:/Users/mfonudoh/.m2/repository/org/apache/tomcat/embed/tomcat-embed-el/10.1.42/tomcat-embed-el-10.1.42.jar:/Users/mfonudoh/.m2/repository/org/apache/tomcat/embed/tomcat-embed-websocket/10.1.42/tomcat-embed-websocket-10.1.42.jar:/Users/mfonudoh/.m2/repository/org/springframework/spring-web/6.2.8/spring-web-6.2.8.jar:/Users/mfonudoh/.m2/repository/org/springframework/spring-webmvc/6.2.8/spring-webmvc-6.2.8.jar:/Users/mfonudoh/.m2/repository/org/springframework/boot/spring-boot-devtools/3.5.3/spring-boot-devtools-3.5.3.jar:/Users/mfonudoh/.m2/repository/org/springframework/boot/spring-boot/3.5.3/spring-boot-3.5.3.jar:/Users/mfonudoh/.m2/repository/org/springframework/boot/spring-boot-autoconfigure/3.5.3/spring-boot-autoconfigure-3.5.3.jar:/Users/mfonudoh/.m2/repository/org/postgresql/postgresql/42.7.7/postgresql-42.7.7.jar:/Users/mfonudoh/.m2/repository/org/checkerframework/checker-qual/3.49.3/checker-qual-3.49.3.jar:/Users/mfonudoh/.m2/repository/org/mapstruct/mapstruct/1.6.3/mapstruct-1.6.3.jar:/Users/mfonudoh/.m2/repository/org/projectlombok/lombok/1.18.38/lombok-1.18.38.jar:/Users/mfonudoh/.m2/repository/org/springframework/boot/spring-boot-starter-test/3.5.3/spring-boot-starter-test-3.5.3.jar:/Users/mfonudoh/.m2/repository/org/springframework/boot/spring-boot-test/3.5.3/spring-boot-test-3.5.3.jar:/Users/mfonudoh/.m2/repository/org/springframework/boot/spring-boot-test-autoconfigure/3.5.3/spring-boot-test-autoconfigure-3.5.3.jar:/Users/mfonudoh/.m2/repository/com/jayway/jsonpath/json-path/2.9.0/json-path-2.9.0.jar:/Users/mfonudoh/.m2/repository/jakarta/xml/bind/jakarta.xml.bind-api/4.0.2/jakarta.xml.bind-api-4.0.2.jar:/Users/mfonudoh/.m2/repository/jakarta/activation/jakarta.activation-api/2.1.3/jakarta.activation-api-2.1.3.jar:/Users/mfonudoh/.m2/repository/net/minidev/json-smart/2.5.2/json-smart-2.5.2.jar:/Users/mfonudoh/.m2/repository/net/minidev/accessors-smart/2.5.2/accessors-smart-2.5.2.jar:/Users/mfonudoh/.m2/repository/org/ow2/asm/asm/9.7.1/asm-9.7.1.jar:/Users/mfonudoh/.m2/repository/org/assertj/assertj-core/3.27.3/assertj-core-3.27.3.jar:/Users/mfonudoh/.m2/repository/org/awaitility/awaitility/4.2.2/awaitility-4.2.2.jar:/Users/mfonudoh/.m2/repository/org/hamcrest/hamcrest/3.0/hamcrest-3.0.jar:/Users/mfonudoh/.m2/repository/org/junit/jupiter/junit-jupiter/5.12.2/junit-jupiter-5.12.2.jar:/Users/mfonudoh/.m2/repository/org/junit/jupiter/junit-jupiter-api/5.12.2/junit-jupiter-api-5.12.2.jar:/Users/mfonudoh/.m2/repository/org/opentest4j/opentest4j/1.3.0/opentest4j-1.3.0.jar:/Users/mfonudoh/.m2/repository/org/junit/platform/junit-platform-commons/1.12.2/junit-platform-commons-1.12.2.jar:/Users/mfonudoh/.m2/repository/org/apiguardian/apiguardian-api/1.1.2/apiguardian-api-1.1.2.jar:/Users/mfonudoh/.m2/repository/org/junit/jupiter/junit-jupiter-params/5.12.2/junit-jupiter-params-5.12.2.jar:/Users/mfonudoh/.m2/repository/org/junit/jupiter/junit-jupiter-engine/5.12.2/junit-jupiter-engine-5.12.2.jar:/Users/mfonudoh/.m2/repository/org/junit/platform/junit-platform-engine/1.12.2/junit-platform-engine-1.12.2.jar:/Users/mfonudoh/.m2/repository/org/mockito/mockito-core/5.17.0/mockito-core-5.17.0.jar:/Users/mfonudoh/.m2/repository/net/bytebuddy/byte-buddy-agent/1.17.6/byte-buddy-agent-1.17.6.jar:/Users/mfonudoh/.m2/repository/org/objenesis/objenesis/3.3/objenesis-3.3.jar:/Users/mfonudoh/.m2/repository/org/mockito/mockito-junit-jupiter/5.17.0/mockito-junit-jupiter-5.17.0.jar:/Users/mfonudoh/.m2/repository/org/skyscreamer/jsonassert/1.5.3/jsonassert-1.5.3.jar:/Users/mfonudoh/.m2/repository/com/vaadin/external/google/android-json/0.0.20131108.vaadin1/android-json-0.0.20131108.vaadin1.jar:/Users/mfonudoh/.m2/repository/org/springframework/spring-core/6.2.8/spring-core-6.2.8.jar:/Users/mfonudoh/.m2/repository/org/springframework/spring-jcl/6.2.8/spring-jcl-6.2.8.jar:/Users/mfonudoh/.m2/repository/org/springframework/spring-test/6.2.8/spring-test-6.2.8.jar:/Users/mfonudoh/.m2/repository/org/xmlunit/xmlunit-core/2.10.2/xmlunit-core-2.10.2.jar:/Users/mfonudoh/.m2/repository/org/springframework/security/spring-security-test/6.5.1/spring-security-test-6.5.1.jar:"/>
    <property name="java.vm.vendor" value="Homebrew"/>
    <property name="sun.arch.data.model" value="64"/>
    <property name="java.vendor.url" value="https://github.com/Homebrew/homebrew-core/issues"/>
    <property name="user.timezone" value="America/Vancouver"/>
    <property name="org.jboss.logging.provider" value="slf4j"/>
    <property name="os.name" value="Mac OS X"/>
    <property name="java.vm.specification.version" value="21"/>
    <property name="APPLICATION_NAME" value="rmhi"/>
    <property name="sun.java.launcher" value="SUN_STANDARD"/>
    <property name="user.country" value="CA"/>
    <property name="sun.boot.library.path" value="/opt/homebrew/Cellar/openjdk@21/21.0.7/libexec/openjdk.jdk/Contents/Home/lib"/>
    <property name="sun.java.command" value="/Users/mfonudoh/Desktop/Programs/eureka/backend/target/surefire/surefirebooter-20250712182314717_3.jar /Users/mfonudoh/Desktop/Programs/eureka/backend/target/surefire 2025-07-12T18-23-14_475-jvmRun1 surefire-20250712182314717_1tmp surefire_0-20250712182314717_2tmp"/>
    <property name="http.nonProxyHosts" value="local|*.local|169.254/16|*.169.254/16"/>
    <property name="jdk.debug" value="release"/>
    <property name="surefire.test.class.path" value="/Users/mfonudoh/Desktop/Programs/eureka/backend/target/test-classes:/Users/mfonudoh/Desktop/Programs/eureka/backend/target/classes:/Users/mfonudoh/.m2/repository/org/springframework/boot/spring-boot-starter-data-jdbc/3.5.3/spring-boot-starter-data-jdbc-3.5.3.jar:/Users/mfonudoh/.m2/repository/org/springframework/boot/spring-boot-starter-jdbc/3.5.3/spring-boot-starter-jdbc-3.5.3.jar:/Users/mfonudoh/.m2/repository/com/zaxxer/HikariCP/6.3.0/HikariCP-6.3.0.jar:/Users/mfonudoh/.m2/repository/org/springframework/spring-jdbc/6.2.8/spring-jdbc-6.2.8.jar:/Users/mfonudoh/.m2/repository/org/springframework/data/spring-data-jdbc/3.5.1/spring-data-jdbc-3.5.1.jar:/Users/mfonudoh/.m2/repository/org/springframework/data/spring-data-relational/3.5.1/spring-data-relational-3.5.1.jar:/Users/mfonudoh/.m2/repository/org/springframework/data/spring-data-commons/3.5.1/spring-data-commons-3.5.1.jar:/Users/mfonudoh/.m2/repository/org/springframework/spring-tx/6.2.8/spring-tx-6.2.8.jar:/Users/mfonudoh/.m2/repository/org/springframework/spring-context/6.2.8/spring-context-6.2.8.jar:/Users/mfonudoh/.m2/repository/org/springframework/spring-beans/6.2.8/spring-beans-6.2.8.jar:/Users/mfonudoh/.m2/repository/org/springframework/boot/spring-boot-starter-data-jpa/3.5.3/spring-boot-starter-data-jpa-3.5.3.jar:/Users/mfonudoh/.m2/repository/org/springframework/boot/spring-boot-starter/3.5.3/spring-boot-starter-3.5.3.jar:/Users/mfonudoh/.m2/repository/org/springframework/boot/spring-boot-starter-logging/3.5.3/spring-boot-starter-logging-3.5.3.jar:/Users/mfonudoh/.m2/repository/ch/qos/logback/logback-classic/1.5.18/logback-classic-1.5.18.jar:/Users/mfonudoh/.m2/repository/ch/qos/logback/logback-core/1.5.18/logback-core-1.5.18.jar:/Users/mfonudoh/.m2/repository/org/apache/logging/log4j/log4j-to-slf4j/2.24.3/log4j-to-slf4j-2.24.3.jar:/Users/mfonudoh/.m2/repository/org/apache/logging/log4j/log4j-api/2.24.3/log4j-api-2.24.3.jar:/Users/mfonudoh/.m2/repository/org/slf4j/jul-to-slf4j/2.0.17/jul-to-slf4j-2.0.17.jar:/Users/mfonudoh/.m2/repository/jakarta/annotation/jakarta.annotation-api/2.1.1/jakarta.annotation-api-2.1.1.jar:/Users/mfonudoh/.m2/repository/org/yaml/snakeyaml/2.4/snakeyaml-2.4.jar:/Users/mfonudoh/.m2/repository/org/hibernate/orm/hibernate-core/6.6.18.Final/hibernate-core-6.6.18.Final.jar:/Users/mfonudoh/.m2/repository/jakarta/persistence/jakarta.persistence-api/3.1.0/jakarta.persistence-api-3.1.0.jar:/Users/mfonudoh/.m2/repository/jakarta/transaction/jakarta.transaction-api/2.0.1/jakarta.transaction-api-2.0.1.jar:/Users/mfonudoh/.m2/repository/org/jboss/logging/jboss-logging/3.6.1.Final/jboss-logging-3.6.1.Final.jar:/Users/mfonudoh/.m2/repository/org/hibernate/common/hibernate-commons-annotations/7.0.3.Final/hibernate-commons-annotations-7.0.3.Final.jar:/Users/mfonudoh/.m2/repository/io/smallrye/jandex/3.2.0/jandex-3.2.0.jar:/Users/mfonudoh/.m2/repository/com/fasterxml/classmate/1.7.0/classmate-1.7.0.jar:/Users/mfonudoh/.m2/repository/net/bytebuddy/byte-buddy/1.17.6/byte-buddy-1.17.6.jar:/Users/mfonudoh/.m2/repository/org/glassfish/jaxb/jaxb-runtime/4.0.5/jaxb-runtime-4.0.5.jar:/Users/mfonudoh/.m2/repository/org/glassfish/jaxb/jaxb-core/4.0.5/jaxb-core-4.0.5.jar:/Users/mfonudoh/.m2/repository/org/eclipse/angus/angus-activation/2.0.2/angus-activation-2.0.2.jar:/Users/mfonudoh/.m2/repository/org/glassfish/jaxb/txw2/4.0.5/txw2-4.0.5.jar:/Users/mfonudoh/.m2/repository/com/sun/istack/istack-commons-runtime/4.1.2/istack-commons-runtime-4.1.2.jar:/Users/mfonudoh/.m2/repository/jakarta/inject/jakarta.inject-api/2.0.1/jakarta.inject-api-2.0.1.jar:/Users/mfonudoh/.m2/repository/org/antlr/antlr4-runtime/4.13.0/antlr4-runtime-4.13.0.jar:/Users/mfonudoh/.m2/repository/org/springframework/data/spring-data-jpa/3.5.1/spring-data-jpa-3.5.1.jar:/Users/mfonudoh/.m2/repository/org/springframework/spring-orm/6.2.8/spring-orm-6.2.8.jar:/Users/mfonudoh/.m2/repository/org/springframework/spring-aspects/6.2.8/spring-aspects-6.2.8.jar:/Users/mfonudoh/.m2/repository/org/aspectj/aspectjweaver/1.9.24/aspectjweaver-1.9.24.jar:/Users/mfonudoh/.m2/repository/org/springframework/boot/spring-boot-starter-oauth2-resource-server/3.5.3/spring-boot-starter-oauth2-resource-server-3.5.3.jar:/Users/mfonudoh/.m2/repository/org/springframework/security/spring-security-config/6.5.1/spring-security-config-6.5.1.jar:/Users/mfonudoh/.m2/repository/org/springframework/security/spring-security-core/6.5.1/spring-security-core-6.5.1.jar:/Users/mfonudoh/.m2/repository/org/springframework/security/spring-security-crypto/6.5.1/spring-security-crypto-6.5.1.jar:/Users/mfonudoh/.m2/repository/org/springframework/spring-expression/6.2.8/spring-expression-6.2.8.jar:/Users/mfonudoh/.m2/repository/io/micrometer/micrometer-observation/1.15.1/micrometer-observation-1.15.1.jar:/Users/mfonudoh/.m2/repository/io/micrometer/micrometer-commons/1.15.1/micrometer-commons-1.15.1.jar:/Users/mfonudoh/.m2/repository/org/springframework/security/spring-security-oauth2-resource-server/6.5.1/spring-security-oauth2-resource-server-6.5.1.jar:/Users/mfonudoh/.m2/repository/org/springframework/security/spring-security-oauth2-core/6.5.1/spring-security-oauth2-core-6.5.1.jar:/Users/mfonudoh/.m2/repository/org/springframework/security/spring-security-oauth2-jose/6.5.1/spring-security-oauth2-jose-6.5.1.jar:/Users/mfonudoh/.m2/repository/com/nimbusds/nimbus-jose-jwt/9.37.3/nimbus-jose-jwt-9.37.3.jar:/Users/mfonudoh/.m2/repository/com/github/stephenc/jcip/jcip-annotations/1.0-1/jcip-annotations-1.0-1.jar:/Users/mfonudoh/.m2/repository/com/google/firebase/firebase-admin/9.5.0/firebase-admin-9.5.0.jar:/Users/mfonudoh/.m2/repository/com/google/auth/google-auth-library-oauth2-http/1.33.1/google-auth-library-oauth2-http-1.33.1.jar:/Users/mfonudoh/.m2/repository/com/google/auto/value/auto-value-annotations/1.11.0/auto-value-annotations-1.11.0.jar:/Users/mfonudoh/.m2/repository/com/google/code/findbugs/jsr305/3.0.2/jsr305-3.0.2.jar:/Users/mfonudoh/.m2/repository/com/google/auth/google-auth-library-credentials/1.33.1/google-auth-library-credentials-1.33.1.jar:/Users/mfonudoh/.m2/repository/com/google/http-client/google-http-client-gson/1.46.2/google-http-client-gson-1.46.2.jar:/Users/mfonudoh/.m2/repository/com/google/errorprone/error_prone_annotations/2.36.0/error_prone_annotations-2.36.0.jar:/Users/mfonudoh/.m2/repository/com/google/code/gson/gson/2.13.1/gson-2.13.1.jar:/Users/mfonudoh/.m2/repository/com/google/api-client/google-api-client/2.7.2/google-api-client-2.7.2.jar:/Users/mfonudoh/.m2/repository/commons-codec/commons-codec/1.18.0/commons-codec-1.18.0.jar:/Users/mfonudoh/.m2/repository/com/google/oauth-client/google-oauth-client/1.36.0/google-oauth-client-1.36.0.jar:/Users/mfonudoh/.m2/repository/com/google/http-client/google-http-client-apache-v2/1.45.2/google-http-client-apache-v2-1.45.2.jar:/Users/mfonudoh/.m2/repository/org/apache/httpcomponents/httpcore/4.4.16/httpcore-4.4.16.jar:/Users/mfonudoh/.m2/repository/org/apache/httpcomponents/httpclient/4.5.14/httpclient-4.5.14.jar:/Users/mfonudoh/.m2/repository/commons-logging/commons-logging/1.2/commons-logging-1.2.jar:/Users/mfonudoh/.m2/repository/com/google/api-client/google-api-client-gson/2.7.2/google-api-client-gson-2.7.2.jar:/Users/mfonudoh/.m2/repository/com/google/http-client/google-http-client/1.46.3/google-http-client-1.46.3.jar:/Users/mfonudoh/.m2/repository/com/google/j2objc/j2objc-annotations/3.0.0/j2objc-annotations-3.0.0.jar:/Users/mfonudoh/.m2/repository/io/grpc/grpc-context/1.70.0/grpc-context-1.70.0.jar:/Users/mfonudoh/.m2/repository/io/opencensus/opencensus-api/0.31.1/opencensus-api-0.31.1.jar:/Users/mfonudoh/.m2/repository/io/opencensus/opencensus-contrib-http-util/0.31.1/opencensus-contrib-http-util-0.31.1.jar:/Users/mfonudoh/.m2/repository/com/google/api/api-common/2.46.1/api-common-2.46.1.jar:/Users/mfonudoh/.m2/repository/javax/annotation/javax.annotation-api/1.3.2/javax.annotation-api-1.3.2.jar:/Users/mfonudoh/.m2/repository/com/google/cloud/google-cloud-storage/2.50.0/google-cloud-storage-2.50.0.jar:/Users/mfonudoh/.m2/repository/com/google/guava/failureaccess/1.0.2/failureaccess-1.0.2.jar:/Users/mfonudoh/.m2/repository/com/google/guava/listenablefuture/9999.0-empty-to-avoid-conflict-with-guava/listenablefuture-9999.0-empty-to-avoid-conflict-with-guava.jar:/Users/mfonudoh/.m2/repository/com/google/http-client/google-http-client-jackson2/1.46.3/google-http-client-jackson2-1.46.3.jar:/Users/mfonudoh/.m2/repository/com/google/apis/google-api-services-storage/v1-rev20250224-2.0.0/google-api-services-storage-v1-rev20250224-2.0.0.jar:/Users/mfonudoh/.m2/repository/com/google/cloud/google-cloud-core/2.53.1/google-cloud-core-2.53.1.jar:/Users/mfonudoh/.m2/repository/com/google/cloud/google-cloud-core-http/2.53.1/google-cloud-core-http-2.53.1.jar:/Users/mfonudoh/.m2/repository/com/google/http-client/google-http-client-appengine/1.46.3/google-http-client-appengine-1.46.3.jar:/Users/mfonudoh/.m2/repository/com/google/api/gax-httpjson/2.63.1/gax-httpjson-2.63.1.jar:/Users/mfonudoh/.m2/repository/com/google/cloud/google-cloud-core-grpc/2.53.1/google-cloud-core-grpc-2.53.1.jar:/Users/mfonudoh/.m2/repository/com/google/api/gax/2.63.1/gax-2.63.1.jar:/Users/mfonudoh/.m2/repository/com/google/api/gax-grpc/2.63.1/gax-grpc-2.63.1.jar:/Users/mfonudoh/.m2/repository/io/grpc/grpc-inprocess/1.70.0/grpc-inprocess-1.70.0.jar:/Users/mfonudoh/.m2/repository/io/grpc/grpc-alts/1.70.0/grpc-alts-1.70.0.jar:/Users/mfonudoh/.m2/repository/io/grpc/grpc-grpclb/1.70.0/grpc-grpclb-1.70.0.jar:/Users/mfonudoh/.m2/repository/org/conscrypt/conscrypt-openjdk-uber/2.5.2/conscrypt-openjdk-uber-2.5.2.jar:/Users/mfonudoh/.m2/repository/io/grpc/grpc-auth/1.70.0/grpc-auth-1.70.0.jar:/Users/mfonudoh/.m2/repository/io/opentelemetry/opentelemetry-context/1.49.0/opentelemetry-context-1.49.0.jar:/Users/mfonudoh/.m2/repository/com/google/api/grpc/proto-google-iam-v1/1.49.1/proto-google-iam-v1-1.49.1.jar:/Users/mfonudoh/.m2/repository/com/google/protobuf/protobuf-java/3.25.5/protobuf-java-3.25.5.jar:/Users/mfonudoh/.m2/repository/com/google/protobuf/protobuf-java-util/3.25.5/protobuf-java-util-3.25.5.jar:/Users/mfonudoh/.m2/repository/io/grpc/grpc-core/1.70.0/grpc-core-1.70.0.jar:/Users/mfonudoh/.m2/repository/com/google/android/annotations/4.1.1.4/annotations-4.1.1.4.jar:/Users/mfonudoh/.m2/repository/org/codehaus/mojo/animal-sniffer-annotations/1.24/animal-sniffer-annotations-1.24.jar:/Users/mfonudoh/.m2/repository/io/perfmark/perfmark-api/0.27.0/perfmark-api-0.27.0.jar:/Users/mfonudoh/.m2/repository/io/grpc/grpc-protobuf/1.70.0/grpc-protobuf-1.70.0.jar:/Users/mfonudoh/.m2/repository/io/grpc/grpc-protobuf-lite/1.70.0/grpc-protobuf-lite-1.70.0.jar:/Users/mfonudoh/.m2/repository/com/google/api/grpc/proto-google-common-protos/2.54.1/proto-google-common-protos-2.54.1.jar:/Users/mfonudoh/.m2/repository/org/threeten/threetenbp/1.7.0/threetenbp-1.7.0.jar:/Users/mfonudoh/.m2/repository/com/google/api/grpc/proto-google-cloud-storage-v2/2.50.0/proto-google-cloud-storage-v2-2.50.0.jar:/Users/mfonudoh/.m2/repository/com/google/api/grpc/grpc-google-cloud-storage-v2/2.50.0/grpc-google-cloud-storage-v2-2.50.0.jar:/Users/mfonudoh/.m2/repository/com/google/api/grpc/gapic-google-cloud-storage-v2/2.50.0/gapic-google-cloud-storage-v2-2.50.0.jar:/Users/mfonudoh/.m2/repository/io/opentelemetry/opentelemetry-sdk/1.49.0/opentelemetry-sdk-1.49.0.jar:/Users/mfonudoh/.m2/repository/io/opentelemetry/opentelemetry-sdk-trace/1.49.0/opentelemetry-sdk-trace-1.49.0.jar:/Users/mfonudoh/.m2/repository/io/opentelemetry/opentelemetry-sdk-logs/1.49.0/opentelemetry-sdk-logs-1.49.0.jar:/Users/mfonudoh/.m2/repository/io/grpc/grpc-opentelemetry/1.70.0/grpc-opentelemetry-1.70.0.jar:/Users/mfonudoh/.m2/repository/io/opentelemetry/opentelemetry-api/1.49.0/opentelemetry-api-1.49.0.jar:/Users/mfonudoh/.m2/repository/io/opentelemetry/opentelemetry-sdk-metrics/1.49.0/opentelemetry-sdk-metrics-1.49.0.jar:/Users/mfonudoh/.m2/repository/io/opentelemetry/opentelemetry-sdk-common/1.49.0/opentelemetry-sdk-common-1.49.0.jar:/Users/mfonudoh/.m2/repository/io/opentelemetry/opentelemetry-sdk-extension-autoconfigure-spi/1.49.0/opentelemetry-sdk-extension-autoconfigure-spi-1.49.0.jar:/Users/mfonudoh/.m2/repository/io/opentelemetry/semconv/opentelemetry-semconv/1.27.0-alpha/opentelemetry-semconv-1.27.0-alpha.jar:/Users/mfonudoh/.m2/repository/com/google/cloud/opentelemetry/exporter-metrics/0.33.0/exporter-metrics-0.33.0.jar:/Users/mfonudoh/.m2/repository/com/google/cloud/google-cloud-monitoring/3.52.0/google-cloud-monitoring-3.52.0.jar:/Users/mfonudoh/.m2/repository/com/google/api/grpc/proto-google-cloud-monitoring-v3/3.52.0/proto-google-cloud-monitoring-v3-3.52.0.jar:/Users/mfonudoh/.m2/repository/com/google/cloud/opentelemetry/shared-resourcemapping/0.33.0/shared-resourcemapping-0.33.0.jar:/Users/mfonudoh/.m2/repository/io/opentelemetry/contrib/opentelemetry-gcp-resources/1.37.0-alpha/opentelemetry-gcp-resources-1.37.0-alpha.jar:/Users/mfonudoh/.m2/repository/com/google/cloud/opentelemetry/detector-resources-support/0.33.0/detector-resources-support-0.33.0.jar:/Users/mfonudoh/.m2/repository/com/fasterxml/jackson/core/jackson-core/2.19.1/jackson-core-2.19.1.jar:/Users/mfonudoh/.m2/repository/io/grpc/grpc-api/1.70.0/grpc-api-1.70.0.jar:/Users/mfonudoh/.m2/repository/io/grpc/grpc-netty-shaded/1.70.0/grpc-netty-shaded-1.70.0.jar:/Users/mfonudoh/.m2/repository/io/grpc/grpc-util/1.70.0/grpc-util-1.70.0.jar:/Users/mfonudoh/.m2/repository/io/grpc/grpc-stub/1.70.0/grpc-stub-1.70.0.jar:/Users/mfonudoh/.m2/repository/io/grpc/grpc-googleapis/1.70.0/grpc-googleapis-1.70.0.jar:/Users/mfonudoh/.m2/repository/io/grpc/grpc-xds/1.70.0/grpc-xds-1.70.0.jar:/Users/mfonudoh/.m2/repository/io/grpc/grpc-services/1.70.0/grpc-services-1.70.0.jar:/Users/mfonudoh/.m2/repository/com/google/re2j/re2j/1.7/re2j-1.7.jar:/Users/mfonudoh/.m2/repository/io/grpc/grpc-rls/1.70.0/grpc-rls-1.70.0.jar:/Users/mfonudoh/.m2/repository/com/google/cloud/google-cloud-firestore/3.30.11/google-cloud-firestore-3.30.11.jar:/Users/mfonudoh/.m2/repository/com/google/api/grpc/proto-google-cloud-firestore-v1/3.30.11/proto-google-cloud-firestore-v1-3.30.11.jar:/Users/mfonudoh/.m2/repository/com/google/cloud/proto-google-cloud-firestore-bundle-v1/3.30.11/proto-google-cloud-firestore-bundle-v1-3.30.11.jar:/Users/mfonudoh/.m2/repository/io/opentelemetry/instrumentation/opentelemetry-grpc-1.6/2.1.0-alpha/opentelemetry-grpc-1.6-2.1.0-alpha.jar:/Users/mfonudoh/.m2/repository/io/opentelemetry/instrumentation/opentelemetry-instrumentation-api/2.1.0/opentelemetry-instrumentation-api-2.1.0.jar:/Users/mfonudoh/.m2/repository/io/opentelemetry/opentelemetry-extension-incubator/1.35.0-alpha/opentelemetry-extension-incubator-1.35.0-alpha.jar:/Users/mfonudoh/.m2/repository/io/opentelemetry/instrumentation/opentelemetry-instrumentation-api-incubator/2.1.0-alpha/opentelemetry-instrumentation-api-incubator-2.1.0-alpha.jar:/Users/mfonudoh/.m2/repository/com/google/guava/guava/33.4.0-jre/guava-33.4.0-jre.jar:/Users/mfonudoh/.m2/repository/org/slf4j/slf4j-api/2.0.17/slf4j-api-2.0.17.jar:/Users/mfonudoh/.m2/repository/io/netty/netty-codec-http/4.1.122.Final/netty-codec-http-4.1.122.Final.jar:/Users/mfonudoh/.m2/repository/io/netty/netty-common/4.1.122.Final/netty-common-4.1.122.Final.jar:/Users/mfonudoh/.m2/repository/io/netty/netty-buffer/4.1.122.Final/netty-buffer-4.1.122.Final.jar:/Users/mfonudoh/.m2/repository/io/netty/netty-codec/4.1.122.Final/netty-codec-4.1.122.Final.jar:/Users/mfonudoh/.m2/repository/io/netty/netty-handler/4.1.122.Final/netty-handler-4.1.122.Final.jar:/Users/mfonudoh/.m2/repository/io/netty/netty-resolver/4.1.122.Final/netty-resolver-4.1.122.Final.jar:/Users/mfonudoh/.m2/repository/io/netty/netty-transport-native-unix-common/4.1.122.Final/netty-transport-native-unix-common-4.1.122.Final.jar:/Users/mfonudoh/.m2/repository/io/netty/netty-transport/4.1.122.Final/netty-transport-4.1.122.Final.jar:/Users/mfonudoh/.m2/repository/org/apache/httpcomponents/client5/httpclient5/5.5/httpclient5-5.5.jar:/Users/mfonudoh/.m2/repository/org/apache/httpcomponents/core5/httpcore5/5.3.4/httpcore5-5.3.4.jar:/Users/mfonudoh/.m2/repository/org/apache/httpcomponents/core5/httpcore5-h2/5.3.4/httpcore5-h2-5.3.4.jar:/Users/mfonudoh/.m2/repository/org/springframework/boot/spring-boot-starter-security/3.5.3/spring-boot-starter-security-3.5.3.jar:/Users/mfonudoh/.m2/repository/org/springframework/spring-aop/6.2.8/spring-aop-6.2.8.jar:/Users/mfonudoh/.m2/repository/org/springframework/security/spring-security-web/6.5.1/spring-security-web-6.5.1.jar:/Users/mfonudoh/.m2/repository/org/springframework/boot/spring-boot-starter-web/3.5.3/spring-boot-starter-web-3.5.3.jar:/Users/mfonudoh/.m2/repository/org/springframework/boot/spring-boot-starter-json/3.5.3/spring-boot-starter-json-3.5.3.jar:/Users/mfonudoh/.m2/repository/com/fasterxml/jackson/core/jackson-databind/2.19.1/jackson-databind-2.19.1.jar:/Users/mfonudoh/.m2/repository/com/fasterxml/jackson/core/jackson-annotations/2.19.1/jackson-annotations-2.19.1.jar:/Users/mfonudoh/.m2/repository/com/fasterxml/jackson/datatype/jackson-datatype-jdk8/2.19.1/jackson-datatype-jdk8-2.19.1.jar:/Users/mfonudoh/.m2/repository/com/fasterxml/jackson/datatype/jackson-datatype-jsr310/2.19.1/jackson-datatype-jsr310-2.19.1.jar:/Users/mfonudoh/.m2/repository/com/fasterxml/jackson/module/jackson-module-parameter-names/2.19.1/jackson-module-parameter-names-2.19.1.jar:/Users/mfonudoh/.m2/repository/org/springframework/boot/spring-boot-starter-tomcat/3.5.3/spring-boot-starter-tomcat-3.5.3.jar:/Users/mfonudoh/.m2/repository/org/apache/tomcat/embed/tomcat-embed-core/10.1.42/tomcat-embed-core-10.1.42.jar:/Users/mfonudoh/.m2/repository/org/apache/tomcat/embed/tomcat-embed-el/10.1.42/tomcat-embed-el-10.1.42.jar:/Users/mfonudoh/.m2/repository/org/apache/tomcat/embed/tomcat-embed-websocket/10.1.42/tomcat-embed-websocket-10.1.42.jar:/Users/mfonudoh/.m2/repository/org/springframework/spring-web/6.2.8/spring-web-6.2.8.jar:/Users/mfonudoh/.m2/repository/org/springframework/spring-webmvc/6.2.8/spring-webmvc-6.2.8.jar:/Users/mfonudoh/.m2/repository/org/springframework/boot/spring-boot-devtools/3.5.3/spring-boot-devtools-3.5.3.jar:/Users/mfonudoh/.m2/repository/org/springframework/boot/spring-boot/3.5.3/spring-boot-3.5.3.jar:/Users/mfonudoh/.m2/repository/org/springframework/boot/spring-boot-autoconfigure/3.5.3/spring-boot-autoconfigure-3.5.3.jar:/Users/mfonudoh/.m2/repository/org/postgresql/postgresql/42.7.7/postgresql-42.7.7.jar:/Users/mfonudoh/.m2/repository/org/checkerframework/checker-qual/3.49.3/checker-qual-3.49.3.jar:/Users/mfonudoh/.m2/repository/org/mapstruct/mapstruct/1.6.3/mapstruct-1.6.3.jar:/Users/mfonudoh/.m2/repository/org/projectlombok/lombok/1.18.38/lombok-1.18.38.jar:/Users/mfonudoh/.m2/repository/org/springframework/boot/spring-boot-starter-test/3.5.3/spring-boot-starter-test-3.5.3.jar:/Users/mfonudoh/.m2/repository/org/springframework/boot/spring-boot-test/3.5.3/spring-boot-test-3.5.3.jar:/Users/mfonudoh/.m2/repository/org/springframework/boot/spring-boot-test-autoconfigure/3.5.3/spring-boot-test-autoconfigure-3.5.3.jar:/Users/mfonudoh/.m2/repository/com/jayway/jsonpath/json-path/2.9.0/json-path-2.9.0.jar:/Users/mfonudoh/.m2/repository/jakarta/xml/bind/jakarta.xml.bind-api/4.0.2/jakarta.xml.bind-api-4.0.2.jar:/Users/mfonudoh/.m2/repository/jakarta/activation/jakarta.activation-api/2.1.3/jakarta.activation-api-2.1.3.jar:/Users/mfonudoh/.m2/repository/net/minidev/json-smart/2.5.2/json-smart-2.5.2.jar:/Users/mfonudoh/.m2/repository/net/minidev/accessors-smart/2.5.2/accessors-smart-2.5.2.jar:/Users/mfonudoh/.m2/repository/org/ow2/asm/asm/9.7.1/asm-9.7.1.jar:/Users/mfonudoh/.m2/repository/org/assertj/assertj-core/3.27.3/assertj-core-3.27.3.jar:/Users/mfonudoh/.m2/repository/org/awaitility/awaitility/4.2.2/awaitility-4.2.2.jar:/Users/mfonudoh/.m2/repository/org/hamcrest/hamcrest/3.0/hamcrest-3.0.jar:/Users/mfonudoh/.m2/repository/org/junit/jupiter/junit-jupiter/5.12.2/junit-jupiter-5.12.2.jar:/Users/mfonudoh/.m2/repository/org/junit/jupiter/junit-jupiter-api/5.12.2/junit-jupiter-api-5.12.2.jar:/Users/mfonudoh/.m2/repository/org/opentest4j/opentest4j/1.3.0/opentest4j-1.3.0.jar:/Users/mfonudoh/.m2/repository/org/junit/platform/junit-platform-commons/1.12.2/junit-platform-commons-1.12.2.jar:/Users/mfonudoh/.m2/repository/org/apiguardian/apiguardian-api/1.1.2/apiguardian-api-1.1.2.jar:/Users/mfonudoh/.m2/repository/org/junit/jupiter/junit-jupiter-params/5.12.2/junit-jupiter-params-5.12.2.jar:/Users/mfonudoh/.m2/repository/org/junit/jupiter/junit-jupiter-engine/5.12.2/junit-jupiter-engine-5.12.2.jar:/Users/mfonudoh/.m2/repository/org/junit/platform/junit-platform-engine/1.12.2/junit-platform-engine-1.12.2.jar:/Users/mfonudoh/.m2/repository/org/mockito/mockito-core/5.17.0/mockito-core-5.17.0.jar:/Users/mfonudoh/.m2/repository/net/bytebuddy/byte-buddy-agent/1.17.6/byte-buddy-agent-1.17.6.jar:/Users/mfonudoh/.m2/repository/org/objenesis/objenesis/3.3/objenesis-3.3.jar:/Users/mfonudoh/.m2/repository/org/mockito/mockito-junit-jupiter/5.17.0/mockito-junit-jupiter-5.17.0.jar:/Users/mfonudoh/.m2/repository/org/skyscreamer/jsonassert/1.5.3/jsonassert-1.5.3.jar:/Users/mfonudoh/.m2/repository/com/vaadin/external/google/android-json/0.0.20131108.vaadin1/android-json-0.0.20131108.vaadin1.jar:/Users/mfonudoh/.m2/repository/org/springframework/spring-core/6.2.8/spring-core-6.2.8.jar:/Users/mfonudoh/.m2/repository/org/springframework/spring-jcl/6.2.8/spring-jcl-6.2.8.jar:/Users/mfonudoh/.m2/repository/org/springframework/spring-test/6.2.8/spring-test-6.2.8.jar:/Users/mfonudoh/.m2/repository/org/xmlunit/xmlunit-core/2.10.2/xmlunit-core-2.10.2.jar:/Users/mfonudoh/.m2/repository/org/springframework/security/spring-security-test/6.5.1/spring-security-test-6.5.1.jar:"/>
    <property name="sun.cpu.endian" value="little"/>
    <property name="user.home" value="/Users/mfonudoh"/>
    <property name="user.language" value="en"/>
    <property name="java.specification.vendor" value="Oracle Corporation"/>
    <property name="java.version.date" value="2025-04-15"/>
    <property name="java.home" value="/opt/homebrew/Cellar/openjdk@21/21.0.7/libexec/openjdk.jdk/Contents/Home"/>
    <property name="file.separator" value="/"/>
    <property name="basedir" value="/Users/mfonudoh/Desktop/Programs/eureka/backend"/>
    <property name="java.vm.compressedOopsMode" value="Zero based"/>
    <property name="line.separator" value="&#10;"/>
    <property name="java.vm.specification.vendor" value="Oracle Corporation"/>
    <property name="java.specification.name" value="Java Platform API Specification"/>
    <property name="FILE_LOG_CHARSET" value="UTF-8"/>
    <property name="java.awt.headless" value="true"/>
    <property name="apple.awt.application.name" value="ForkedBooter"/>
    <property name="surefire.real.class.path" value="/Users/mfonudoh/Desktop/Programs/eureka/backend/target/surefire/surefirebooter-20250712182314717_3.jar"/>
    <property name="sun.management.compiler" value="HotSpot 64-Bit Tiered Compilers"/>
    <property name="ftp.nonProxyHosts" value="local|*.local|169.254/16|*.169.254/16"/>
    <property name="java.runtime.version" value="21.0.7"/>
    <property name="user.name" value="mfonudoh"/>
    <property name="stdout.encoding" value="UTF-8"/>
    <property name="path.separator" value=":"/>
    <property name="os.version" value="15.5"/>
    <property name="java.runtime.name" value="OpenJDK Runtime Environment"/>
    <property name="file.encoding" value="UTF-8"/>
    <property name="java.vm.name" value="OpenJDK 64-Bit Server VM"/>
    <property name="java.vendor.version" value="Homebrew"/>
    <property name="localRepository" value="/Users/mfonudoh/.m2/repository"/>
    <property name="java.vendor.url.bug" value="https://github.com/Homebrew/homebrew-core/issues"/>
    <property name="java.io.tmpdir" value="/var/folders/20/h6fqkqnj3n11c6wp1hsm1q0c0000gn/T/"/>
    <property name="idea.version" value="2025.1.1.1"/>
    <property name="com.zaxxer.hikari.pool_number" value="1"/>
    <property name="java.version" value="21.0.7"/>
    <property name="user.dir" value="/Users/mfonudoh/Desktop/Programs/eureka/backend"/>
    <property name="os.arch" value="aarch64"/>
    <property name="java.vm.specification.name" value="Java Virtual Machine Specification"/>
    <property name="PID" value="9371"/>
    <property name="CONSOLE_LOG_CHARSET" value="UTF-8"/>
    <property name="native.encoding" value="UTF-8"/>
    <property name="java.library.path" value="/Users/mfonudoh/Library/Java/Extensions:/Library/Java/Extensions:/Network/Library/Java/Extensions:/System/Library/Java/Extensions:/usr/lib/java:."/>
    <property name="java.vm.info" value="mixed mode, sharing"/>
    <property name="stderr.encoding" value="UTF-8"/>
    <property name="java.vendor" value="Homebrew"/>
    <property name="java.vm.version" value="21.0.7"/>
    <property name="sun.io.unicode.encoding" value="UnicodeBig"/>
    <property name="socksNonProxyHosts" value="local|*.local|169.254/16|*.169.254/16"/>
    <property name="java.class.version" value="65.0"/>
    <property name="LOGGED_APPLICATION_NAME" value="[rmhi] "/>
  </properties>
  <testcase name="contextLoads" classname="com.mfon.rmhi.RmhiApplicationTests" time="0.226">
    <system-out><![CDATA[Standard Commons Logging discovery in action with spring-jcl: please remove commons-logging.jar from classpath in order to avoid potential conflicts
18:23:14.990 [main] INFO org.springframework.test.context.support.AnnotationConfigContextLoaderUtils -- Could not detect default configuration classes for test class [com.mfon.rmhi.RmhiApplicationTests]: RmhiApplicationTests does not declare any static, non-private, non-final, nested classes annotated with @Configuration.
18:23:15.024 [main] INFO org.springframework.boot.test.context.SpringBootTestContextBootstrapper -- Found @SpringBootConfiguration com.mfon.rmhi.RmhiApplication for test class com.mfon.rmhi.RmhiApplicationTests
18:23:15.075 [main] INFO org.springframework.boot.devtools.restart.RestartApplicationListener -- Restart disabled due to context in which it is running

  .   ____          _            __ _ _
 /\\ / ___'_ __ _ _(_)_ __  __ _ \ \ \ \
( ( )\___ | '_ | '_| | '_ \/ _` | \ \ \ \
 \\/  ___)| |_)| | | | | || (_| |  ) ) ) )
  '  |____| .__|_| |_|_| |_\__, | / / / /
 =========|_|==============|___/=/_/_/_/

 :: Spring Boot ::                (v3.5.3)

2025-07-12T18:23:15.180-07:00  INFO 9371 --- [rmhi] [           main] com.mfon.rmhi.RmhiApplicationTests       : Starting RmhiApplicationTests using Java 21.0.7 with PID 9371 (started by mfonudoh in /Users/mfonudoh/Desktop/Programs/eureka/backend)
2025-07-12T18:23:15.181-07:00  INFO 9371 --- [rmhi] [           main] com.mfon.rmhi.RmhiApplicationTests       : No active profile set, falling back to 1 default profile: "default"
2025-07-12T18:23:15.420-07:00  INFO 9371 --- [rmhi] [           main] .s.d.r.c.RepositoryConfigurationDelegate : Multiple Spring Data modules found, entering strict repository configuration mode
2025-07-12T18:23:15.420-07:00  INFO 9371 --- [rmhi] [           main] .s.d.r.c.RepositoryConfigurationDelegate : Bootstrapping Spring Data JDBC repositories in DEFAULT mode.
2025-07-12T18:23:15.432-07:00  INFO 9371 --- [rmhi] [           main] .RepositoryConfigurationExtensionSupport : Spring Data JDBC - Could not safely identify store assignment for repository candidate interface com.mfon.rmhi.repository.CommentRepository; If you want this repository to be a JDBC repository, consider annotating your entities with one of these annotations: org.springframework.data.relational.core.mapping.Table.
2025-07-12T18:23:15.433-07:00  INFO 9371 --- [rmhi] [           main] .RepositoryConfigurationExtensionSupport : Spring Data JDBC - Could not safely identify store assignment for repository candidate interface com.mfon.rmhi.repository.IdeaRepository; If you want this repository to be a JDBC repository, consider annotating your entities with one of these annotations: org.springframework.data.relational.core.mapping.Table.
2025-07-12T18:23:15.433-07:00  INFO 9371 --- [rmhi] [           main] .RepositoryConfigurationExtensionSupport : Spring Data JDBC - Could not safely identify store assignment for repository candidate interface com.mfon.rmhi.repository.IdeaTechnologyRepository; If you want this repository to be a JDBC repository, consider annotating your entities with one of these annotations: org.springframework.data.relational.core.mapping.Table.
2025-07-12T18:23:15.433-07:00  INFO 9371 --- [rmhi] [           main] .RepositoryConfigurationExtensionSupport : Spring Data JDBC - Could not safely identify store assignment for repository candidate interface com.mfon.rmhi.repository.UserRepository; If you want this repository to be a JDBC repository, consider annotating your entities with one of these annotations: org.springframework.data.relational.core.mapping.Table.
2025-07-12T18:23:15.434-07:00  INFO 9371 --- [rmhi] [           main] .s.d.r.c.RepositoryConfigurationDelegate : Finished Spring Data repository scanning in 11 ms. Found 0 JDBC repository interfaces.
2025-07-12T18:23:15.438-07:00  INFO 9371 --- [rmhi] [           main] .s.d.r.c.RepositoryConfigurationDelegate : Multiple Spring Data modules found, entering strict repository configuration mode
2025-07-12T18:23:15.438-07:00  INFO 9371 --- [rmhi] [           main] .s.d.r.c.RepositoryConfigurationDelegate : Bootstrapping Spring Data JPA repositories in DEFAULT mode.
2025-07-12T18:23:15.447-07:00  INFO 9371 --- [rmhi] [           main] .s.d.r.c.RepositoryConfigurationDelegate : Finished Spring Data repository scanning in 7 ms. Found 4 JPA repository interfaces.
2025-07-12T18:23:15.655-07:00  INFO 9371 --- [rmhi] [           main] o.hibernate.jpa.internal.util.LogHelper  : HHH000204: Processing PersistenceUnitInfo [name: default]
2025-07-12T18:23:15.671-07:00  INFO 9371 --- [rmhi] [           main] org.hibernate.Version                    : HHH000412: Hibernate ORM core version 6.6.18.Final
2025-07-12T18:23:15.685-07:00  INFO 9371 --- [rmhi] [           main] o.h.c.internal.RegionFactoryInitiator    : HHH000026: Second-level cache disabled
2025-07-12T18:23:15.791-07:00  INFO 9371 --- [rmhi] [           main] o.s.o.j.p.SpringPersistenceUnitInfo      : No LoadTimeWeaver setup: ignoring JPA class transformer
2025-07-12T18:23:15.801-07:00  INFO 9371 --- [rmhi] [           main] com.zaxxer.hikari.HikariDataSource       : HikariPool-1 - Starting...
2025-07-12T18:23:15.842-07:00  INFO 9371 --- [rmhi] [           main] com.zaxxer.hikari.pool.HikariPool        : HikariPool-1 - Added connection org.postgresql.jdbc.PgConnection@ff2266c
2025-07-12T18:23:15.843-07:00  INFO 9371 --- [rmhi] [           main] com.zaxxer.hikari.HikariDataSource       : HikariPool-1 - Start completed.
2025-07-12T18:23:15.865-07:00  INFO 9371 --- [rmhi] [           main] org.hibernate.orm.connections.pooling    : HHH10001005: Database info:
	Database JDBC URL [Connecting through datasource 'HikariDataSource (HikariPool-1)']
	Database driver: undefined/unknown
	Database version: 15.13
	Autocommit mode: undefined/unknown
	Isolation level: undefined/unknown
	Minimum pool size: undefined/unknown
	Maximum pool size: undefined/unknown
2025-07-12T18:23:15.967-07:00  WARN 9371 --- [rmhi] [           main] org.hibernate.mapping.RootClass          : HHH000038: Composite-id class does not override equals(): com.mfon.rmhi.model.IdeaTechnology
2025-07-12T18:23:15.968-07:00  WARN 9371 --- [rmhi] [           main] org.hibernate.mapping.RootClass          : HHH000039: Composite-id class does not override hashCode(): com.mfon.rmhi.model.IdeaTechnology
2025-07-12T18:23:16.182-07:00  INFO 9371 --- [rmhi] [           main] o.h.e.t.j.p.i.JtaPlatformInitiator       : HHH000489: No JTA platform available (set 'hibernate.transaction.jta.platform' to enable JTA platform integration)
2025-07-12T18:23:16.318-07:00  INFO 9371 --- [rmhi] [           main] j.LocalContainerEntityManagerFactoryBean : Initialized JPA EntityManagerFactory for persistence unit 'default'
2025-07-12T18:23:16.571-07:00  WARN 9371 --- [rmhi] [           main] JpaBaseConfiguration$JpaWebConfiguration : spring.jpa.open-in-view is enabled by default. Therefore, database queries may be performed during view rendering. Explicitly configure spring.jpa.open-in-view to disable this warning
2025-07-12T18:23:16.878-07:00  INFO 9371 --- [rmhi] [           main] com.mfon.rmhi.RmhiApplicationTests       : Started RmhiApplicationTests in 1.806 seconds (process running for 2.118)
]]></system-out>
    <system-err><![CDATA[Mockito is currently self-attaching to enable the inline-mock-maker. This will no longer work in future releases of the JDK. Please add Mockito as an agent to your build as described in Mockito's documentation: https://javadoc.io/doc/org.mockito/mockito-core/latest/org.mockito/org/mockito/Mockito.html#0.3
WARNING: A Java agent has been loaded dynamically (/Users/mfonudoh/.m2/repository/net/bytebuddy/byte-buddy-agent/1.17.6/byte-buddy-agent-1.17.6.jar)
WARNING: If a serviceability tool is in use, please run with -XX:+EnableDynamicAgentLoading to hide this warning
WARNING: If a serviceability tool is not in use, please run with -Djdk.instrument.traceUsage for more information
WARNING: Dynamic loading of agents will be disallowed by default in a future release
]]></system-err>
  </testcase>
</testsuite>